[INFO] [1776776080.142844558] [aruco_detect]: Loaded 6 tags from /home/eurobot2026/sondre_bot_gz/src/sondre_bot_control/sondre_bot_control/config/tags.yaml
[INFO] [1776776080.169732441] [aruco_detect]: aruco_detect started | dict=DICT_4X4_100 | tag_size=0.100 m
[INFO] [1776776080.171060825] [aruco_detect]: image_topic=/camera/left/image_raw
[INFO] [1776776080.172585319] [aruco_detect]: camera_info_topic=/camera/left/camera_info
[INFO] [1776776080.173893648] [aruco_detect]: detections_topic=/aruco/detections_json
[INFO] [1776776080.201333251] [aruco_detect]: Valid camera intrinsics received
[INFO] [1776776080.280080982] [aruco_detect]: ids=[36, 36, 36]
[INFO] [1776776080.406667019] [aruco_detect]: ids=[36, 36]
[INFO] [1776776080.446442781] [aruco_detect]: ids=[36]
[INFO] [1776776080.476143710] [aruco_detect]: ids=[36, 36, 36]
[INFO] [1776776080.509248866] [aruco_detect]: ids=[36, 36]
[INFO] [1776776080.675902424] [aruco_detect]: ids=[36]
[INFO] [1776776080.745775705] [aruco_detect]: ids=[36, 36]
[INFO] [1776776080.809883193] [aruco_detect]: ids=[36]
[INFO] [1776776080.843663385] [aruco_detect]: ids=[36, 36]
[INFO] [1776776080.979704480] [aruco_detect]: ids=[36]
[INFO] [1776776081.049972334] [aruco_detect]: ids=[36, 36]
[INFO] [1776776081.345471791] [aruco_detect]: ids=[36]
[INFO] [1776776081.412838378] [aruco_detect]: ids=[36, 36]
[INFO] [1776776081.507194422] [aruco_detect]: ids=[36]
[INFO] [1776776081.546446834] [aruco_detect]: ids=[36, 36]
[INFO] [1776776081.577747757] [aruco_detect]: ids=[36]
[INFO] [1776776081.853398008] [aruco_detect]: ids=[36, 36]
[INFO] [1776776082.146406271] [aruco_detect]: ids=[36]
[INFO] [1776776082.227391308] [aruco_detect]: ids=[36, 36]
[INFO] [1776776082.307881569] [aruco_detect]: ids=[36]
[INFO] [1776776082.329570008] [aruco_detect]: ids=[36, 36]
[INFO] [1776776082.418169925] [aruco_detect]: ids=[36]
[INFO] [1776776082.463432871] [aruco_detect]: ids=[36, 36]
[INFO] [1776776082.723707345] [aruco_detect]: ids=[36]
[INFO] [1776776082.847910336] [aruco_detect]: ids=[36, 36]
[INFO] [1776776083.069443137] [aruco_detect]: ids=[36]
[INFO] [1776776083.105820800] [aruco_detect]: ids=[36, 36]
[INFO] [1776776083.390541037] [aruco_detect]: ids=[36]
[INFO] [1776776083.423147381] [aruco_detect]: ids=[36, 36]
[INFO] [1776776083.646854989] [aruco_detect]: ids=[36]
[INFO] [1776776083.697784118] [aruco_detect]: ids=[36, 36]
[INFO] [1776776083.822411422] [aruco_detect]: ids=[36]
[INFO] [1776776083.965065826] [aruco_detect]: ids=[36, 36]
[INFO] [1776776084.151274719] [aruco_detect]: ids=[36, 36, 36]
[INFO] [1776776084.190037578] [aruco_detect]: ids=[36, 36]
[INFO] [1776776084.390183457] [aruco_detect]: ids=[36]
[INFO] [1776776084.452514655] [aruco_detect]: ids=[36, 36, 36]
[INFO] [1776776084.485202221] [aruco_detect]: ids=[36, 36]
[INFO] [1776776084.618656826] [aruco_detect]: ids=[36]
[INFO] [1776776084.654079641] [aruco_detect]: ids=[36, 36]
[INFO] [1776776085.192123729] [aruco_detect]: ids=[36, 36]
[INFO] [1776776085.329526171] [aruco_detect]: ids=[36]
[INFO] [1776776085.435823950] [aruco_detect]: ids=[36, 36]
[INFO] [1776776085.789907155] [aruco_detect]: ids=[36]
[INFO] [1776776085.822945071] [aruco_detect]: ids=[36, 36]
[INFO] [1776776085.861659615] [aruco_detect]: ids=[36]
[INFO] [1776776086.044620391] [aruco_detect]: ids=[36, 36]
[INFO] [1776776086.366331881] [aruco_detect]: ids=[36]
[INFO] [1776776086.399618574] [aruco_detect]: ids=[36, 36]
[INFO] [1776776086.492610901] [aruco_detect]: ids=[36]
[INFO] [1776776086.527889235] [aruco_detect]: ids=[36, 36]
[INFO] [1776776086.698728203] [aruco_detect]: ids=[36]
[INFO] [1776776086.736450510] [aruco_detect]: ids=[36, 36]
[INFO] [1776776086.922370719] [aruco_detect]: ids=[36, 36, 36]
[INFO] [1776776086.997360130] [aruco_detect]: ids=[36]
[INFO] [1776776087.424900456] [aruco_detect]: ids=[36, 36]
[INFO] [1776776087.459965735] [aruco_detect]: ids=[36]
[INFO] [1776776087.842774669] [aruco_detect]: ids=[36, 36]
[INFO] [1776776087.872005581] [aruco_detect]: ids=[36]
[INFO] [1776776087.912301026] [aruco_detect]: ids=[36, 36, 36]
[INFO] [1776776087.994088172] [aruco_detect]: ids=[36, 36]
[INFO] [1776776088.137477907] [aruco_detect]: ids=[36, 36, 36]
[INFO] [1776776088.188404128] [aruco_detect]: ids=[36, 36]
[INFO] [1776776088.776056054] [aruco_detect]: ids=[36, 36, 36]
[INFO] [1776776089.384099146] [aruco_detect]: ids=[36, 36]
[INFO] [1776776089.472798377] [aruco_detect]: ids=[36]
[INFO] [1776776089.591488906] [aruco_detect]: ids=[36, 36]
[INFO] [1776776090.122111429] [aruco_detect]: ids=[36]
[INFO] [1776776090.798779567] [aruco_detect]: ids=[36, 36]
[INFO] [1776776090.868160758] [aruco_detect]: ids=[36]
[INFO] [1776776091.064806280] [aruco_detect]: ids=[36, 36]
[INFO] [1776776091.454082597] [aruco_detect]: ids=[36]
[INFO] [1776776091.772526804] [aruco_detect]: ids=[36, 36]
[INFO] [1776776092.146111327] [aruco_detect]: ids=[36]
[INFO] [1776776092.317579718] [aruco_detect]: ids=[36, 36]
[INFO] [1776776092.789926325] [aruco_detect]: ids=[36]
[INFO] [1776776093.053456251] [aruco_detect]: ids=[36, 36]
[INFO] [1776776093.599690606] [aruco_detect]: ids=[36, 36]
[INFO] [1776776093.925495211] [aruco_detect]: ids=[36]
[INFO] [1776776093.999465941] [aruco_detect]: ids=[36, 36]
[INFO] [1776776094.549858151] [aruco_detect]: ids=[36]
[INFO] [1776776094.598941323] [aruco_detect]: ids=[36, 36]
[INFO] [1776776095.121147062] [aruco_detect]: ids=[36, 36]
[INFO] [1776776095.692503918] [aruco_detect]: ids=[36, 36]
[INFO] [1776776095.771477129] [aruco_detect]: ids=[36]
[INFO] [1776776096.574731471] [aruco_detect]: ids=[36]
[INFO] [1776776096.754210629] [aruco_detect]: ids=[36, 36]
[INFO] [1776776097.146083475] [aruco_detect]: ids=[36]
[INFO] [1776776097.261797274] [aruco_detect]: ids=[36, 36]
[INFO] [1776776097.458481684] [aruco_detect]: ids=[36]
[INFO] [1776776097.754957249] [aruco_detect]: ids=[36, 36]
[INFO] [1776776098.140574284] [aruco_detect]: ids=[36]
[INFO] [1776776098.226999116] [aruco_detect]: ids=[36, 36]
[INFO] [1776776098.248189020] [aruco_detect]: ids=[36]
[INFO] [1776776098.466710406] [aruco_detect]: ids=[36, 36]
[INFO] [1776776098.825832760] [aruco_detect]: ids=[36]
[INFO] [1776776099.136903382] [aruco_detect]: ids=[36, 36]
[INFO] [1776776099.379330366] [aruco_detect]: ids=[36]
[INFO] [1776776099.912754731] [aruco_detect]: ids=[36]
[INFO] [1776776100.042117925] [aruco_detect]: ids=[36, 36]
[INFO] [1776776100.468789161] [aruco_detect]: ids=[36]
[INFO] [1776776100.562291320] [aruco_detect]: ids=[36, 36]
[INFO] [1776776100.619349055] [aruco_detect]: ids=[36]
[INFO] [1776776100.749817875] [aruco_detect]: ids=[36, 36]
[INFO] [1776776100.944268331] [aruco_detect]: ids=[36]
[INFO] [1776776101.266949632] [aruco_detect]: ids=[36, 36]
[INFO] [1776776101.781239975] [aruco_detect]: ids=[36]
[INFO] [1776776101.957798662] [aruco_detect]: ids=[36, 36]
[INFO] [1776776102.468332463] [aruco_detect]: ids=[36]
[INFO] [1776776102.847274744] [aruco_detect]: ids=[36, 36]
[INFO] [1776776103.309485980] [aruco_detect]: ids=[36]
[INFO] [1776776103.325287182] [aruco_detect]: ids=[36, 36]
[INFO] [1776776103.745894089] [aruco_detect]: ids=[36]
[INFO] [1776776104.380090715] [aruco_detect]: ids=[36]
[INFO] [1776776104.542354788] [aruco_detect]: ids=[36, 36]
[INFO] [1776776104.640206893] [aruco_detect]: ids=[36]
[INFO] [1776776104.859519610] [aruco_detect]: ids=[36, 36]
[INFO] [1776776105.203770333] [aruco_detect]: ids=[36, 36, 36]
[INFO] [1776776105.299072707] [aruco_detect]: ids=[36, 36]
[INFO] [1776776105.337244642] [aruco_detect]: ids=[36]
[INFO] [1776776105.601692601] [aruco_detect]: ids=[36, 36]
[INFO] [1776776105.671543512] [aruco_detect]: ids=[36]
[INFO] [1776776105.866545836] [aruco_detect]: ids=[36, 36]
[INFO] [1776776105.985551864] [aruco_detect]: ids=[36]
[INFO] [1776776106.434000947] [aruco_detect]: ids=[36, 36]
[INFO] [1776776106.721136934] [aruco_detect]: ids=[36]
[INFO] [1776776106.925893964] [aruco_detect]: ids=[36, 36]
[INFO] [1776776106.991669612] [aruco_detect]: ids=[36]
[INFO] [1776776107.197528119] [aruco_detect]: ids=[36, 36]
[INFO] [1776776107.304629894] [aruco_detect]: ids=[36]
[INFO] [1776776107.687029403] [aruco_detect]: ids=[36, 36]
[INFO] [1776776108.186590114] [aruco_detect]: ids=[36, 36, 36]
[INFO] [1776776108.302489283] [aruco_detect]: ids=[36]
[INFO] [1776776108.671554841] [aruco_detect]: ids=[36, 36]
[INFO] [1776776109.176706606] [aruco_detect]: ids=[36, 36]
[INFO] [1776776109.376120173] [aruco_detect]: ids=[36]
[INFO] [1776776109.617763160] [aruco_detect]: ids=[36, 36]
[INFO] [1776776109.890396645] [aruco_detect]: ids=[36, 36, 36]
[INFO] [1776776109.934496354] [aruco_detect]: ids=[36, 36]
[INFO] [1776776110.037273830] [aruco_detect]: ids=[36]
[INFO] [1776776110.248368484] [aruco_detect]: ids=[36, 36]
[INFO] [1776776110.444878636] [aruco_detect]: ids=[36]
[INFO] [1776776110.640028367] [aruco_detect]: ids=[36, 36, 36]
[INFO] [1776776110.750887721] [aruco_detect]: ids=[36, 36]
[INFO] [1776776110.832639219] [aruco_detect]: ids=[36, 36, 36]
[INFO] [1776776111.024951201] [aruco_detect]: ids=[36, 36]
[INFO] [1776776111.112186956] [aruco_detect]: ids=[36]
[INFO] [1776776111.274370585] [aruco_detect]: ids=[36, 36]
[INFO] [1776776111.344632477] [aruco_detect]: ids=[36]
[INFO] [1776776111.666336004] [aruco_detect]: ids=[36, 36]
[INFO] [1776776112.038367033] [aruco_detect]: ids=[36]
[INFO] [1776776112.104680346] [aruco_detect]: ids=[36, 36, 36]
[INFO] [1776776112.367455330] [aruco_detect]: ids=[36, 36]
[INFO] [1776776112.709523376] [aruco_detect]: ids=[36]
[INFO] [1776776112.850762026] [aruco_detect]: ids=[36, 36]
[INFO] [1776776113.001749493] [aruco_detect]: ids=[36]
[INFO] [1776776113.158399124] [aruco_detect]: ids=[36, 36]
[INFO] [1776776113.267609669] [aruco_detect]: ids=[36]
[INFO] [1776776113.351389622] [aruco_detect]: ids=[36, 36]
[INFO] [1776776113.493338788] [aruco_detect]: ids=[36]
[INFO] [1776776113.581733724] [aruco_detect]: ids=[36, 36]
[INFO] [1776776113.690691122] [aruco_detect]: ids=[36]
[INFO] [1776776113.905630300] [aruco_detect]: ids=[36, 36]
[INFO] [1776776113.951371669] [aruco_detect]: ids=[36]
[INFO] [1776776114.060017272] [aruco_detect]: ids=[36, 36]
[INFO] [1776776114.755949543] [aruco_detect]: ids=[36, 36]
[INFO] [1776776115.074766248] [aruco_detect]: ids=[36]
[INFO] [1776776115.239905422] [aruco_detect]: ids=[36, 36]
[INFO] [1776776115.529213772] [aruco_detect]: ids=[36, 36, 36]
[INFO] [1776776115.970836120] [aruco_detect]: ids=[36]
[INFO] [1776776116.212120608] [aruco_detect]: ids=[36, 36]
[INFO] [1776776116.695916321] [aruco_detect]: ids=[36, 36, 36]
[INFO] [1776776116.836535881] [aruco_detect]: ids=[36, 36]
[INFO] [1776776117.077303612] [aruco_detect]: ids=[36]
[INFO] [1776776117.224521667] [aruco_detect]: ids=[36, 36]
[INFO] [1776776117.436711113] [aruco_detect]: ids=[36]
[INFO] [1776776117.495968211] [aruco_detect]: ids=[36, 36]
[INFO] [1776776117.541737137] [aruco_detect]: ids=[36]
[INFO] [1776776117.982850431] [aruco_detect]: ids=[36, 36, 36]
[INFO] [1776776118.211885261] [aruco_detect]: ids=[36]
[INFO] [1776776118.369410926] [aruco_detect]: ids=[36, 36]
[INFO] [1776776118.680014642] [aruco_detect]: ids=[36]
[INFO] [1776776118.816403773] [aruco_detect]: ids=[36, 36]
Traceback (most recent call last):
  File "/home/eurobot2026/sondre_bot_gz/build/sondre_bot_control/sondre_bot_control/aruco_detect.py", line 363, in main
    rclpy.spin(node)
  File "/opt/ros/jazzy/lib/python3.12/site-packages/rclpy/__init__.py", line 247, in spin
    executor.spin_once()
  File "/opt/ros/jazzy/lib/python3.12/site-packages/rclpy/executors.py", line 926, in spin_once
    self._spin_once_impl(timeout_sec)
  File "/opt/ros/jazzy/lib/python3.12/site-packages/rclpy/executors.py", line 907, in _spin_once_impl
    handler, entity, node = self.wait_for_ready_callbacks(
                            ^^^^^^^^^^^^^^^^^^^^^^^^^^^^^^
  File "/opt/ros/jazzy/lib/python3.12/site-packages/rclpy/executors.py", line 877, in wait_for_ready_callbacks
    return next(self._cb_iter)
           ^^^^^^^^^^^^^^^^^^^
  File "/opt/ros/jazzy/lib/python3.12/site-packages/rclpy/executors.py", line 757, in _wait_for_ready_callbacks
    wait_set = _rclpy.WaitSet(
               ^^^^^^^^^^^^^^^
rclpy._rclpy_pybind11.RCLError: failed to initialize wait set: the given context is not valid, either rcl_init() was not called or rcl_shutdown() was called., at ./src/rcl/wait.c:130

During handling of the above exception, another exception occurred:

Traceback (most recent call last):
  File "/home/eurobot2026/sondre_bot_gz/install/sondre_bot_control/lib/sondre_bot_control/aruco_detect", line 33, in <module>
    sys.exit(load_entry_point('sondre-bot-control', 'console_scripts', 'aruco_detect')())
             ^^^^^^^^^^^^^^^^^^^^^^^^^^^^^^^^^^^^^^^^^^^^^^^^^^^^^^^^^^^^^^^^^^^^^^^^^^^
  File "/home/eurobot2026/sondre_bot_gz/build/sondre_bot_control/sondre_bot_control/aruco_detect.py", line 366, in main
    rclpy.shutdown()
  File "/opt/ros/jazzy/lib/python3.12/site-packages/rclpy/__init__.py", line 134, in shutdown
    _shutdown(context=context)
  File "/opt/ros/jazzy/lib/python3.12/site-packages/rclpy/utilities.py", line 82, in shutdown
    context.shutdown()
  File "/opt/ros/jazzy/lib/python3.12/site-packages/rclpy/context.py", line 129, in shutdown
    self.__context.shutdown()
rclpy._rclpy_pybind11.RCLError: failed to shutdown: rcl_shutdown already called on the given context, at ./src/rcl/init.c:333
