[INFO] [1776694510.339740963] [aruco_detect]: Loaded 6 tags from /home/eurobot2026/sondre_bot_gz/src/sondre_bot_control/sondre_bot_control/config/tags.yaml
[INFO] [1776694510.402667862] [aruco_detect]: aruco_detect started | dict=DICT_4X4_100 | tag_size=0.100 m
[INFO] [1776694510.404261354] [aruco_detect]: image_topic=/camera/right/image_raw
[INFO] [1776694510.413576916] [aruco_detect]: camera_info_topic=/camera/right/camera_info
[INFO] [1776694510.416830438] [aruco_detect]: detections_topic=/aruco_right/detections_json
[INFO] [1776694510.532563874] [aruco_detect]: Valid camera intrinsics received
[INFO] [1776694510.735053515] [aruco_detect]: ids=[47, 36, 47, 36, 23]
[INFO] [1776694511.242246567] [aruco_detect]: ids=[47, 36, 47, 36, 23]
[INFO] [1776694512.082757896] [aruco_detect]: ids=[47, 36, 47, 36, 23]
[INFO] [1776694513.125610825] [aruco_detect]: ids=[47, 36, 47, 36, 23]
[INFO] [1776694513.955582299] [aruco_detect]: ids=[47, 36, 47, 36, 23]
[INFO] [1776694514.463091989] [aruco_detect]: ids=[47, 36, 47, 36, 23]
[INFO] [1776694515.078405535] [aruco_detect]: ids=[47, 36, 47, 36, 23]
[INFO] [1776694515.664816012] [aruco_detect]: ids=[47, 36, 47, 36, 23]
[INFO] [1776694516.190653292] [aruco_detect]: ids=[47, 36, 47, 36, 23]
[INFO] [1776694516.936621600] [aruco_detect]: ids=[47, 36, 47, 36, 23]
[INFO] [1776694517.665648526] [aruco_detect]: ids=[47, 36, 47, 36, 23]
[INFO] [1776694518.232296683] [aruco_detect]: ids=[47, 36, 47, 36, 23]
[INFO] [1776694519.743390342] [aruco_detect]: ids=[47, 36, 47, 36, 23]
[INFO] [1776694521.412801263] [aruco_detect]: ids=[47, 36, 47, 36, 23]
[INFO] [1776694522.408432170] [aruco_detect]: ids=[47, 36, 47, 36, 23]
[INFO] [1776694523.418102428] [aruco_detect]: ids=[47, 36, 47, 36, 23]
[INFO] [1776694524.134596605] [aruco_detect]: ids=[47, 36, 47, 36, 23]
[INFO] [1776694524.833008341] [aruco_detect]: ids=[47, 36, 47, 36, 23]
[INFO] [1776694525.765395842] [aruco_detect]: ids=[47, 36, 47, 36, 23]
[INFO] [1776694526.478827100] [aruco_detect]: ids=[47, 36, 47, 36, 23]
[INFO] [1776694526.994257979] [aruco_detect]: ids=[47, 36, 47, 36, 23]
[INFO] [1776694527.784235912] [aruco_detect]: ids=[47, 36, 47, 36, 23]
[INFO] [1776694528.320883654] [aruco_detect]: ids=[47, 36, 47, 36, 23]
[INFO] [1776694529.537348511] [aruco_detect]: ids=[47, 36, 47, 36, 23]
[INFO] [1776694531.114423748] [aruco_detect]: ids=[47, 36, 47, 36, 23]
[INFO] [1776694531.999039540] [aruco_detect]: ids=[47, 36, 47, 36, 23]
[INFO] [1776694532.616388323] [aruco_detect]: ids=[47, 36, 47, 36, 23]
[INFO] [1776694534.478167278] [aruco_detect]: ids=[47, 36, 47, 36, 23]
[INFO] [1776694537.482947680] [aruco_detect]: ids=[47, 36, 47, 36, 23]
[INFO] [1776694538.004757729] [aruco_detect]: ids=[47, 36, 47, 36, 23]
[INFO] [1776694538.507974506] [aruco_detect]: ids=[47, 36, 47, 36, 23]
[INFO] [1776694539.212073392] [aruco_detect]: ids=[47, 36, 47, 36, 23]
[INFO] [1776694540.052249461] [aruco_detect]: ids=[47, 36, 47, 36, 23]
[INFO] [1776694540.908718284] [aruco_detect]: ids=[47, 36, 47, 36, 23]
[INFO] [1776694541.432986704] [aruco_detect]: ids=[47, 47, 36, 36, 23]
[INFO] [1776694541.620593633] [aruco_detect]: ids=[47, 36, 23, 47, 36]
[INFO] [1776694541.836895552] [aruco_detect]: ids=[23]
[INFO] [1776694542.768889572] [aruco_detect]: ids=[23]
[INFO] [1776694543.386448381] [aruco_detect]: ids=[23]
[INFO] [1776694544.098670669] [aruco_detect]: ids=[23]
[INFO] [1776694545.253227303] [aruco_detect]: ids=[23]
[INFO] [1776694546.618122652] [aruco_detect]: ids=[23]
[INFO] [1776694547.319421134] [aruco_detect]: ids=[36, 36, 23]
[INFO] [1776694548.410371752] [aruco_detect]: ids=[36, 36, 36, 36, 23]
[INFO] [1776694548.544375059] [aruco_detect]: ids=[36, 36, 36, 23]
[INFO] [1776694548.780197942] [aruco_detect]: ids=[36, 36, 36, 36, 23]
[INFO] [1776694549.494534310] [aruco_detect]: ids=[36, 36, 36, 36, 23]
[INFO] [1776694550.112283760] [aruco_detect]: ids=[36, 36, 36, 36, 23]
[INFO] [1776694551.440106301] [aruco_detect]: ids=[36, 36, 36, 36, 23]
[INFO] [1776694551.820603963] [aruco_detect]: ids=[36, 36, 36, 23]
[INFO] [1776694552.461150709] [aruco_detect]: ids=[36, 36, 36, 23]
[INFO] [1776694552.492149005] [aruco_detect]: ids=[36, 36, 36, 23, 36]
[INFO] [1776694553.411342144] [aruco_detect]: ids=[36, 36, 36, 36, 23]
[INFO] [1776694553.948041778] [aruco_detect]: ids=[36, 36, 36, 36, 23]
[INFO] [1776694554.711428416] [aruco_detect]: ids=[36, 36, 36, 36, 23]
[INFO] [1776694555.229312168] [aruco_detect]: ids=[36, 36, 36, 36, 23]
[INFO] [1776694555.856347560] [aruco_detect]: ids=[36, 36, 36, 36, 23]
[INFO] [1776694556.626199399] [aruco_detect]: ids=[36, 36, 36, 36, 23]
[INFO] [1776694557.149870818] [aruco_detect]: ids=[36, 36, 36, 36, 23]
[INFO] [1776694557.827009338] [aruco_detect]: ids=[36, 36, 36, 36, 23]
[INFO] [1776694560.747420934] [aruco_detect]: ids=[36, 36, 36, 36, 23]
[INFO] [1776694561.422770257] [aruco_detect]: ids=[36, 36, 36, 36, 23]
[INFO] [1776694563.769643025] [aruco_detect]: ids=[36, 36, 36, 36, 23]
[INFO] [1776694564.997727860] [aruco_detect]: ids=[36, 36, 36, 36, 23]
[INFO] [1776694566.166857627] [aruco_detect]: ids=[36, 36, 36, 36, 23]
[INFO] [1776694568.187707564] [aruco_detect]: ids=[36, 36, 36, 36, 23]
[INFO] [1776694569.661960069] [aruco_detect]: ids=[36, 36, 36, 36, 23]
[INFO] [1776694570.597647836] [aruco_detect]: ids=[36, 36, 36, 36, 23]
[INFO] [1776694571.255523181] [aruco_detect]: ids=[36, 36, 36, 36, 23]
[INFO] [1776694572.779602270] [aruco_detect]: ids=[36, 36, 36, 36, 23]
[INFO] [1776694573.349461634] [aruco_detect]: ids=[36, 36, 36, 36, 23]
[INFO] [1776694574.093643810] [aruco_detect]: ids=[36, 36, 36, 36, 23]
[INFO] [1776694574.907608849] [aruco_detect]: ids=[36, 36, 36, 36, 23]
[INFO] [1776694575.606005285] [aruco_detect]: ids=[36, 36, 36, 36, 23]
[INFO] [1776694576.440216382] [aruco_detect]: ids=[36, 36, 36, 36, 23]
[INFO] [1776694577.734292219] [aruco_detect]: ids=[36, 36, 36, 36, 23]
[INFO] [1776694578.511735455] [aruco_detect]: ids=[36, 36, 36, 36, 23]
[INFO] [1776694579.129253444] [aruco_detect]: ids=[36, 36, 36, 36, 23]
[INFO] [1776694580.674561025] [aruco_detect]: ids=[36, 36, 36, 36, 23]
[INFO] [1776694581.681133992] [aruco_detect]: ids=[36, 36, 36, 36, 23]
[INFO] [1776694582.916461536] [aruco_detect]: ids=[36, 36, 36, 36, 23]
[INFO] [1776694583.603926625] [aruco_detect]: ids=[36, 36, 36, 36, 23]
[INFO] [1776694584.787034644] [aruco_detect]: ids=[36, 36, 36, 36, 23]
[INFO] [1776694585.645727094] [aruco_detect]: ids=[36, 36, 36, 36, 23]
[INFO] [1776694586.542523222] [aruco_detect]: ids=[36, 36, 36, 36, 23]
[INFO] [1776694587.539082325] [aruco_detect]: ids=[36, 36, 36, 36, 23]
[INFO] [1776694589.068824522] [aruco_detect]: ids=[36, 36, 36, 36, 23]
[INFO] [1776694589.727141800] [aruco_detect]: ids=[36, 36, 36, 36, 23]
[INFO] [1776694590.959828369] [aruco_detect]: ids=[36, 36, 36, 36, 23]
[INFO] [1776694591.691107594] [aruco_detect]: ids=[36, 36, 36, 36, 23]
[INFO] [1776694592.344961601] [aruco_detect]: ids=[36, 36, 36, 36, 23]
[INFO] [1776694593.125600929] [aruco_detect]: ids=[36, 36, 36, 36, 23]
[INFO] [1776694593.831620442] [aruco_detect]: ids=[36, 36, 36, 36, 23]
[INFO] [1776694595.069926115] [aruco_detect]: ids=[36, 36, 36, 36, 23]
[INFO] [1776694596.102786176] [aruco_detect]: ids=[36, 36, 36, 36, 23]
[INFO] [1776694596.604299778] [aruco_detect]: ids=[36, 36, 36, 36, 23]
[INFO] [1776694597.327431328] [aruco_detect]: ids=[36, 36, 36, 36, 23]
[INFO] [1776694598.050810058] [aruco_detect]: ids=[36, 36, 36, 36, 23]
[INFO] [1776694598.686500075] [aruco_detect]: ids=[36, 36, 36, 36, 23]
[INFO] [1776694599.225615598] [aruco_detect]: ids=[36, 36, 36, 36, 23]
[INFO] [1776694599.904381629] [aruco_detect]: ids=[36, 36, 36, 36, 23]
[INFO] [1776694600.841951082] [aruco_detect]: ids=[36, 36, 36, 36, 23]
[INFO] [1776694601.877409053] [aruco_detect]: ids=[36, 36, 36, 36, 23]
[INFO] [1776694602.471632708] [aruco_detect]: ids=[36, 36, 36, 36, 23]
[INFO] [1776694603.092905409] [aruco_detect]: ids=[36, 36, 36, 36, 23]
[INFO] [1776694603.682636327] [aruco_detect]: ids=[36, 36, 36, 36, 23]
[INFO] [1776694604.356495992] [aruco_detect]: ids=[36, 36, 36, 36, 23]
[INFO] [1776694604.971616997] [aruco_detect]: ids=[36, 36, 36, 36, 23]
[INFO] [1776694607.458240273] [aruco_detect]: ids=[36, 36, 36, 36, 23]
[INFO] [1776694608.567777730] [aruco_detect]: ids=[36, 36, 36, 36, 23]
[INFO] [1776694609.861129130] [aruco_detect]: ids=[36, 36, 36, 36, 23]
[INFO] [1776694610.764484962] [aruco_detect]: ids=[36, 36, 36, 36, 23]
[INFO] [1776694611.502985518] [aruco_detect]: ids=[36, 36, 36, 36, 23]
[INFO] [1776694612.146339085] [aruco_detect]: ids=[36, 36, 36, 36, 23]
[INFO] [1776694614.199622629] [aruco_detect]: ids=[36, 36, 36, 36, 23]
[INFO] [1776694614.830277607] [aruco_detect]: ids=[36, 36, 36, 36, 23]
[INFO] [1776694615.748252673] [aruco_detect]: ids=[36, 36, 36, 36, 23]
[INFO] [1776694616.625390855] [aruco_detect]: ids=[36, 36, 36, 36, 23]
[INFO] [1776694619.043132109] [aruco_detect]: ids=[36, 36, 36, 36, 23]
[INFO] [1776694619.700344102] [aruco_detect]: ids=[36, 36, 36, 36, 23]
[INFO] [1776694622.694909896] [aruco_detect]: ids=[36, 36, 36, 36, 23]
[INFO] [1776694623.585608950] [aruco_detect]: ids=[36, 36, 36, 36, 23]
[INFO] [1776694624.156739518] [aruco_detect]: ids=[36, 36, 36, 36, 23]
[INFO] [1776694624.914445848] [aruco_detect]: ids=[36, 36, 36, 36, 23]
[INFO] [1776694626.395555092] [aruco_detect]: ids=[36, 36, 36, 36, 23]
[INFO] [1776694626.938175593] [aruco_detect]: ids=[36, 36, 36, 36, 23]
[INFO] [1776694628.027759248] [aruco_detect]: ids=[36, 36, 36, 36, 23]
[INFO] [1776694629.282277518] [aruco_detect]: ids=[36, 36, 36, 36, 23]
[INFO] [1776694630.068887843] [aruco_detect]: ids=[36, 36, 36, 36, 23]
[INFO] [1776694630.858478061] [aruco_detect]: ids=[36, 36, 36, 36, 23]
[INFO] [1776694631.442865524] [aruco_detect]: ids=[36, 36, 36, 36, 23]
[INFO] [1776694636.520404627] [aruco_detect]: ids=[36, 36, 36, 36, 23]
[INFO] [1776694640.106125524] [aruco_detect]: ids=[36, 36, 36, 36, 23]
[INFO] [1776694641.445850880] [aruco_detect]: ids=[36, 36, 36, 36, 23]
[INFO] [1776694642.158836122] [aruco_detect]: ids=[36, 36, 36, 36, 23]
[INFO] [1776694642.814932055] [aruco_detect]: ids=[36, 36, 36, 36, 23]
[INFO] [1776694644.392341504] [aruco_detect]: ids=[36, 36, 36, 36, 23]
[INFO] [1776694645.468809846] [aruco_detect]: ids=[36, 36, 36, 36, 23]
[INFO] [1776694647.034848838] [aruco_detect]: ids=[36, 36, 36, 36, 23]
[INFO] [1776694649.195481077] [aruco_detect]: ids=[36, 36, 36, 36, 23]
[INFO] [1776694650.116453216] [aruco_detect]: ids=[36, 36, 36, 36, 23]
[INFO] [1776694650.761826809] [aruco_detect]: ids=[36, 36, 36, 36, 23]
[INFO] [1776694651.242959038] [aruco_detect]: ids=[36, 36, 36, 36, 23]
[INFO] [1776694652.020595798] [aruco_detect]: ids=[36, 36, 36, 36, 23]
[INFO] [1776694652.661624910] [aruco_detect]: ids=[36, 36, 36, 36, 23]
[INFO] [1776694653.391412420] [aruco_detect]: ids=[36, 36, 36, 36, 23]
[INFO] [1776694654.223704923] [aruco_detect]: ids=[36, 36, 36, 36, 23]
[INFO] [1776694654.961295065] [aruco_detect]: ids=[36, 36, 36, 36, 23]
[INFO] [1776694655.967336147] [aruco_detect]: ids=[36, 36, 36, 36, 23]
[INFO] [1776694657.056186142] [aruco_detect]: ids=[36, 36, 36, 36, 23]
[INFO] [1776694657.658946004] [aruco_detect]: ids=[36, 36, 36, 36, 23]
[INFO] [1776694659.313564403] [aruco_detect]: ids=[36, 36, 36, 36, 23]
[INFO] [1776694660.268618703] [aruco_detect]: ids=[36, 36, 36, 36, 23]
