[INFO] [1776607680.798220857] [v4l2_camera]: Driver: uvcvideo
[INFO] [1776607680.800342656] [v4l2_camera]: Version: 395276
[INFO] [1776607680.800641117] [v4l2_camera]: Device: ZED 2i: ZED 2i
[INFO] [1776607680.800899596] [v4l2_camera]: Location: usb-xhci-hcd.0-1
[INFO] [1776607680.800955966] [v4l2_camera]: Capabilities:
[INFO] [1776607680.800975707] [v4l2_camera]:   Read/write: NO
[INFO] [1776607680.801079947] [v4l2_camera]:   Streaming: YES
[INFO] [1776607680.801213316] [v4l2_camera]: Current pixel format: YUYV @ 1344x376
[INFO] [1776607680.802087291] [v4l2_camera]: Available pixel formats: 
[INFO] [1776607680.802302271] [v4l2_camera]:   YUYV - YUYV 4:2:2
[INFO] [1776607680.802352660] [v4l2_camera]: Available controls: 
[INFO] [1776607680.802422011] [v4l2_camera]:   Brightness (1) = 4
[INFO] [1776607680.802538121] [v4l2_camera]:   Contrast (1) = 4
[INFO] [1776607680.802615769] [v4l2_camera]:   Saturation (1) = 4
[INFO] [1776607680.802701657] [v4l2_camera]:   Hue (1) = 0 [inactive]
[INFO] [1776607680.802746490] [v4l2_camera]:   White Balance, Automatic (2) = 1
[INFO] [1776607680.803292319] [v4l2_camera]:   Red Balance (1) = 1024 [inactive]
[INFO] [1776607680.804024814] [v4l2_camera]:   Blue Balance (1) = 1024 [inactive]
[INFO] [1776607680.804148369] [v4l2_camera]:   Gamma (1) = 100
[INFO] [1776607680.804241423] [v4l2_camera]:   Gain (1) = 4
[INFO] [1776607680.804282016] [v4l2_camera]:   Power Line Frequency (3) = 1
[INFO] [1776607680.804942085] [v4l2_camera]:   Hue, Automatic (2) = 1
[INFO] [1776607680.805788671] [v4l2_camera]:   White Balance Temperature (1) = 4600 [inactive]
[INFO] [1776607680.806055540] [v4l2_camera]:   Sharpness (1) = 0
[INFO] [1776607680.817206069] [v4l2_camera]: Starting camera
[WARN] [1776607680.830459897] [v4l2_camera]: Image encoding not the same as requested output, performing possibly slow conversion: yuv422_yuy2 => rgb8
[INFO] [1776607680.838259340] [v4l2_camera]: using default calibration URL
[INFO] [1776607680.838518857] [v4l2_camera]: camera calibration URL: file:///home/eurobot2026/.ros/camera_info/zed_2i:_zed_2i.yaml
[ERROR] [1776607680.838704744] [camera_calibration_parsers]: Unable to open camera calibration file [/home/eurobot2026/.ros/camera_info/zed_2i:_zed_2i.yaml]
[WARN] [1776607680.838828225] [v4l2_camera]: Camera calibration file /home/eurobot2026/.ros/camera_info/zed_2i:_zed_2i.yaml not found
[INFO] [1776607884.622215040] [rclcpp]: signal_handler(SIGINT/SIGTERM)
