[INFO] [1778450000.813555961] [zed_stereo_splitter]: Loaded left calibration YAML: /home/eurobot2026/Eurobot2026MTP/config/zed_left_camera.yaml
[INFO] [1778450000.814568217] [zed_stereo_splitter]: Loaded right calibration YAML: /home/eurobot2026/Eurobot2026MTP/config/zed_right_camera.yaml
Traceback (most recent call last):
  File "/home/eurobot2026/Eurobot2026MTP/build/sondre_bot_control/sondre_bot_control/zed_left_splitter.py", line 210, in main
    rclpy.spin(node)
  File "/opt/ros/jazzy/lib/python3.12/site-packages/rclpy/__init__.py", line 247, in spin
    executor.spin_once()
  File "/opt/ros/jazzy/lib/python3.12/site-packages/rclpy/executors.py", line 926, in spin_once
    self._spin_once_impl(timeout_sec)
  File "/opt/ros/jazzy/lib/python3.12/site-packages/rclpy/executors.py", line 918, in _spin_once_impl
    raise handler.exception()
  File "/opt/ros/jazzy/lib/python3.12/site-packages/rclpy/task.py", line 286, in _execute_coroutine_step
    result = coro.send(None)
             ^^^^^^^^^^^^^^^
  File "/opt/ros/jazzy/lib/python3.12/site-packages/rclpy/executors.py", line 592, in handler
    await call_coroutine()
  File "/opt/ros/jazzy/lib/python3.12/site-packages/rclpy/executors.py", line 480, in _execute
    await await_or_execute(sub.callback, *msg_tuple)
  File "/opt/ros/jazzy/lib/python3.12/site-packages/rclpy/executors.py", line 115, in await_or_execute
    return callback(*args)
           ^^^^^^^^^^^^^^^
  File "/home/eurobot2026/Eurobot2026MTP/build/sondre_bot_control/sondre_bot_control/zed_left_splitter.py", line 202, in image_cb
    self.left_info_pub.publish(left_info)
  File "/opt/ros/jazzy/lib/python3.12/site-packages/rclpy/publisher.py", line 70, in publish
    self.__publisher.publish(msg)
rclpy._rclpy_pybind11.RCLError: Failed to publish: publisher's context is invalid, at ./src/rcl/publisher.c:423

During handling of the above exception, another exception occurred:

Traceback (most recent call last):
  File "/home/eurobot2026/Eurobot2026MTP/install/sondre_bot_control/lib/sondre_bot_control/zed_left_splitter", line 33, in <module>
    sys.exit(load_entry_point('sondre-bot-control', 'console_scripts', 'zed_left_splitter')())
             ^^^^^^^^^^^^^^^^^^^^^^^^^^^^^^^^^^^^^^^^^^^^^^^^^^^^^^^^^^^^^^^^^^^^^^^^^^^^^^^^
  File "/home/eurobot2026/Eurobot2026MTP/build/sondre_bot_control/sondre_bot_control/zed_left_splitter.py", line 213, in main
    rclpy.shutdown()
  File "/opt/ros/jazzy/lib/python3.12/site-packages/rclpy/__init__.py", line 134, in shutdown
    _shutdown(context=context)
  File "/opt/ros/jazzy/lib/python3.12/site-packages/rclpy/utilities.py", line 82, in shutdown
    context.shutdown()
  File "/opt/ros/jazzy/lib/python3.12/site-packages/rclpy/context.py", line 129, in shutdown
    self.__context.shutdown()
rclpy._rclpy_pybind11.RCLError: failed to shutdown: rcl_shutdown already called on the given context, at ./src/rcl/init.c:333
